# JRE version: OpenJDK Runtime Environment Temurin-21.0.8+9 (21.0.8+9) (build 21.0.8+9-LTS)
# Java VM: OpenJDK 64-Bit Server VM Temurin-21.0.8+9 (21.0.8+9-LTS, mixed mode, sharing, tiered, compressed oops, compressed class ptrs, parallel gc, windows-amd64)
GC Precious Log:
 CardTable entry size: 512
 CPUs: 4 total, 4 available
 Memory: 3838M
 Large Page Support: Disabled
 NUMA Support: Disabled
 Compressed Oops: Enabled (32-bit)
 Alignments: Space 512K, Generation 512K, Heap 2M
 Heap Min Capacity: 100M
 Heap Initial Capacity: 100M
 Heap Max Capacity: 2G
 Pre-touch: Disabled
 Parallel Workers: 4
Heap:
 PSYoungGen      total 16896K, used 16832K [0x00000000d5580000, 0x00000000d6f80000, 0x0000000100000000)
  eden space 9728K, 100% used [0x00000000d5580000,0x00000000d5f00000,0x00000000d5f00000)
  from space 7168K, 99% used [0x00000000d6880000,0x00000000d6f70000,0x00000000d6f80000)
  to   space 7680K, 64% used [0x00000000d6080000,0x00000000d6550040,0x00000000d6800000)
 ParOldGen       total 147968K, used 147966K [0x0000000080000000, 0x0000000089080000, 0x00000000d5580000)
  object space 147968K, 99% used [0x0000000080000000,0x000000008907fba8,0x0000000089080000)
 Metaspace       used 58209K, committed 59584K, reserved 1114112K
  class space    used 6254K, committed 6848K, reserved 1048576K
GC Heap History (20 events):
Event: 35.403 GC heap before
{Heap before GC invocations=81 (full 2):
 PSYoungGen      total 16384K, used 16192K [0x00000000d5580000, 0x00000000d6800000, 0x0000000100000000)
  eden space 14336K, 100% used [0x00000000d5580000,0x00000000d6380000,0x00000000d6380000)
  from space 2048K, 90% used [0x00000000d6600000,0x00000000d67d0000,0x00000000d6800000)
  to   space 2048K, 0% used [0x00000000d6400000,0x00000000d6400000,0x00000000d6600000)
 ParOldGen       total 117248K, used 116818K [0x0000000080000000, 0x0000000087280000, 0x00000000d5580000)
  object space 117248K, 99% used [0x0000000080000000,0x0000000087214b78,0x0000000087280000)
 Metaspace       used 57614K, committed 59072K, reserved 1114112K
  class space    used 6191K, committed 6784K, reserved 1048576K
}
Event: 35.408 GC heap after
{Heap after GC invocations=81 (full 2):
 PSYoungGen      total 16384K, used 2048K [0x00000000d5580000, 0x00000000d6c80000, 0x0000000100000000)
  eden space 14336K, 0% used [0x00000000d5580000,0x00000000d5580000,0x00000000d6380000)
  from space 2048K, 100% used [0x00000000d6400000,0x00000000d6600000,0x00000000d6600000)
  to   space 4608K, 0% used [0x00000000d6800000,0x00000000d6800000,0x00000000d6c80000)
 ParOldGen       total 119296K, used 118858K [0x0000000080000000, 0x0000000087480000, 0x00000000d5580000)
  object space 119296K, 99% used [0x0000000080000000,0x0000000087412b78,0x0000000087480000)
 Metaspace       used 57614K, committed 59072K, reserved 1114112K
  class space    used 6191K, committed 6784K, reserved 1048576K
}
Event: 35.428 GC heap before
{Heap before GC invocations=82 (full 2):
 PSYoungGen      total 16384K, used 16384K [0x00000000d5580000, 0x00000000d6c80000, 0x0000000100000000)
  eden space 14336K, 100% used [0x00000000d5580000,0x00000000d6380000,0x00000000d6380000)
  from space 2048K, 100% used [0x00000000d6400000,0x00000000d6600000,0x00000000d6600000)
  to   space 4608K, 0% used [0x00000000d6800000,0x00000000d6800000,0x00000000d6c80000)
 ParOldGen       total 119296K, used 118858K [0x0000000080000000, 0x0000000087480000, 0x00000000d5580000)
  object space 119296K, 99% used [0x0000000080000000,0x0000000087412b78,0x0000000087480000)
 Metaspace       used 57614K, committed 59072K, reserved 1114112K
  class space    used 6191K, committed 6784K, reserved 1048576K
}
Event: 35.434 GC heap after
{Heap after GC invocations=82 (full 2):
 PSYoungGen      total 16896K, used 2528K [0x00000000d5580000, 0x00000000d6a80000, 0x0000000100000000)
  eden space 14336K, 0% used [0x00000000d5580000,0x00000000d5580000,0x00000000d6380000)
  from space 2560K, 98% used [0x00000000d6800000,0x00000000d6a78000,0x00000000d6a80000)
  to   space 3584K, 0% used [0x00000000d6380000,0x00000000d6380000,0x00000000d6700000)
 ParOldGen       total 121344K, used 120898K [0x0000000080000000, 0x0000000087680000, 0x00000000d5580000)
  object space 121344K, 99% used [0x0000000080000000,0x0000000087610b78,0x0000000087680000)
 Metaspace       used 57614K, committed 59072K, reserved 1114112K
  class space    used 6191K, committed 6784K, reserved 1048576K
}
Event: 35.486 GC heap before
{Heap before GC invocations=83 (full 2):
 PSYoungGen      total 16896K, used 16864K [0x00000000d5580000, 0x00000000d6a80000, 0x0000000100000000)
  eden space 14336K, 100% used [0x00000000d5580000,0x00000000d6380000,0x00000000d6380000)
  from space 2560K, 98% used [0x00000000d6800000,0x00000000d6a78000,0x00000000d6a80000)
  to   space 3584K, 0% used [0x00000000d6380000,0x00000000d6380000,0x00000000d6700000)
 ParOldGen       total 121344K, used 120898K [0x0000000080000000, 0x0000000087680000, 0x00000000d5580000)
  object space 121344K, 99% used [0x0000000080000000,0x0000000087610b78,0x0000000087680000)
 Metaspace       used 57623K, committed 59072K, reserved 1114112K
  class space    used 6191K, committed 6784K, reserved 1048576K
}
Event: 35.493 GC heap after
{Heap after GC invocations=83 (full 2):
 PSYoungGen      total 17408K, used 2944K [0x00000000d5580000, 0x00000000d6980000, 0x0000000100000000)
  eden space 14336K, 0% used [0x00000000d5580000,0x00000000d5580000,0x00000000d6380000)
  from space 3072K, 95% used [0x00000000d6380000,0x00000000d6660000,0x00000000d6680000)
  to   space 3072K, 0% used [0x00000000d6680000,0x00000000d6680000,0x00000000d6980000)
 ParOldGen       total 123392K, used 123354K [0x0000000080000000, 0x0000000087880000, 0x00000000d5580000)
  object space 123392K, 99% used [0x0000000080000000,0x0000000087876b78,0x0000000087880000)
 Metaspace       used 57623K, committed 59072K, reserved 1114112K
  class space    used 6191K, committed 6784K, reserved 1048576K
}
Event: 35.509 GC heap before
{Heap before GC invocations=84 (full 2):
 PSYoungGen      total 17408K, used 17280K [0x00000000d5580000, 0x00000000d6980000, 0x0000000100000000)
  eden space 14336K, 100% used [0x00000000d5580000,0x00000000d6380000,0x00000000d6380000)
  from space 3072K, 95% used [0x00000000d6380000,0x00000000d6660000,0x00000000d6680000)
  to   space 3072K, 0% used [0x00000000d6680000,0x00000000d6680000,0x00000000d6980000)
 ParOldGen       total 123392K, used 123354K [0x0000000080000000, 0x0000000087880000, 0x00000000d5580000)
  object space 123392K, 99% used [0x0000000080000000,0x0000000087876b78,0x0000000087880000)
 Metaspace       used 57628K, committed 59072K, reserved 1114112K
  class space    used 6191K, committed 6784K, reserved 1048576K
}
Event: 35.515 GC heap after
{Heap after GC invocations=84 (full 2):
 PSYoungGen      total 17408K, used 2976K [0x00000000d5580000, 0x00000000d6980000, 0x0000000100000000)
  eden space 14336K, 0% used [0x00000000d5580000,0x00000000d5580000,0x00000000d6380000)
  from space 3072K, 96% used [0x00000000d6680000,0x00000000d6968000,0x00000000d6980000)
  to   space 3072K, 0% used [0x00000000d6380000,0x00000000d6380000,0x00000000d6680000)
 ParOldGen       total 126464K, used 126274K [0x0000000080000000, 0x0000000087b80000, 0x00000000d5580000)
  object space 126464K, 99% used [0x0000000080000000,0x0000000087b50b78,0x0000000087b80000)
 Metaspace       used 57628K, committed 59072K, reserved 1114112K
  class space    used 6191K, committed 6784K, reserved 1048576K
}
Event: 35.528 GC heap before
{Heap before GC invocations=85 (full 2):
 PSYoungGen      total 17408K, used 17312K [0x00000000d5580000, 0x00000000d6980000, 0x0000000100000000)
  eden space 14336K, 100% used [0x00000000d5580000,0x00000000d6380000,0x00000000d6380000)
  from space 3072K, 96% used [0x00000000d6680000,0x00000000d6968000,0x00000000d6980000)
  to   space 3072K, 0% used [0x00000000d6380000,0x00000000d6380000,0x00000000d6680000)
 ParOldGen       total 126464K, used 126274K [0x0000000080000000, 0x0000000087b80000, 0x00000000d5580000)
  object space 126464K, 99% used [0x0000000080000000,0x0000000087b50b78,0x0000000087b80000)
 Metaspace       used 57628K, committed 59072K, reserved 1114112K
  class space    used 6191K, committed 6784K, reserved 1048576K
}
Event: 35.534 GC heap after
{Heap after GC invocations=85 (full 2):
 PSYoungGen      total 16896K, used 2176K [0x00000000d5580000, 0x00000000d6880000, 0x0000000100000000)
  eden space 14336K, 0% used [0x00000000d5580000,0x00000000d5580000,0x00000000d6380000)
  from space 2560K, 85% used [0x00000000d6380000,0x00000000d65a0000,0x00000000d6600000)
  to   space 2560K, 0% used [0x00000000d6600000,0x00000000d6600000,0x00000000d6880000)
 ParOldGen       total 129536K, used 129234K [0x0000000080000000, 0x0000000087e80000, 0x00000000d5580000)
  object space 129536K, 99% used [0x0000000080000000,0x0000000087e34b78,0x0000000087e80000)
 Metaspace       used 57628K, committed 59072K, reserved 1114112K
  class space    used 6191K, committed 6784K, reserved 1048576K
}
Event: 35.646 GC heap before
{Heap before GC invocations=86 (full 2):
 PSYoungGen      total 16896K, used 16512K [0x00000000d5580000, 0x00000000d6880000, 0x0000000100000000)
  eden space 14336K, 100% used [0x00000000d5580000,0x00000000d6380000,0x00000000d6380000)
  from space 2560K, 85% used [0x00000000d6380000,0x00000000d65a0000,0x00000000d6600000)
  to   space 2560K, 0% used [0x00000000d6600000,0x00000000d6600000,0x00000000d6880000)
 ParOldGen       total 129536K, used 129234K [0x0000000080000000, 0x0000000087e80000, 0x00000000d5580000)
  object space 129536K, 99% used [0x0000000080000000,0x0000000087e34b78,0x0000000087e80000)
 Metaspace       used 57648K, committed 59072K, reserved 1114112K
  class space    used 6193K, committed 6784K, reserved 1048576K
}
Event: 35.652 GC heap after
{Heap after GC invocations=86 (full 2):
 PSYoungGen      total 12288K, used 2528K [0x00000000d5580000, 0x00000000d7180000, 0x0000000100000000)
  eden space 9728K, 0% used [0x00000000d5580000,0x00000000d5580000,0x00000000d5f00000)
  from space 2560K, 98% used [0x00000000d6600000,0x00000000d6878010,0x00000000d6880000)
  to   space 7168K, 0% used [0x00000000d5f00000,0x00000000d5f00000,0x00000000d6600000)
 ParOldGen       total 133120K, used 132778K [0x0000000080000000, 0x0000000088200000, 0x00000000d5580000)
  object space 133120K, 99% used [0x0000000080000000,0x00000000881aab88,0x0000000088200000)
 Metaspace       used 57648K, committed 59072K, reserved 1114112K
  class space    used 6193K, committed 6784K, reserved 1048576K
}
Event: 35.660 GC heap before
{Heap before GC invocations=87 (full 2):
 PSYoungGen      total 12288K, used 12256K [0x00000000d5580000, 0x00000000d7180000, 0x0000000100000000)
  eden space 9728K, 100% used [0x00000000d5580000,0x00000000d5f00000,0x00000000d5f00000)
  from space 2560K, 98% used [0x00000000d6600000,0x00000000d6878010,0x00000000d6880000)
  to   space 7168K, 0% used [0x00000000d5f00000,0x00000000d5f00000,0x00000000d6600000)
 ParOldGen       total 133120K, used 132778K [0x0000000080000000, 0x0000000088200000, 0x00000000d5580000)
  object space 133120K, 99% used [0x0000000080000000,0x00000000881aab88,0x0000000088200000)
 Metaspace       used 57648K, committed 59072K, reserved 1114112K
  class space    used 6193K, committed 6784K, reserved 1048576K
}
Event: 35.664 GC heap after
{Heap after GC invocations=87 (full 2):
 PSYoungGen      total 11264K, used 1376K [0x00000000d5580000, 0x00000000d6680000, 0x0000000100000000)
  eden space 9728K, 0% used [0x00000000d5580000,0x00000000d5580000,0x00000000d5f00000)
  from space 1536K, 89% used [0x00000000d5f00000,0x00000000d6058000,0x00000000d6080000)
  to   space 3584K, 0% used [0x00000000d6300000,0x00000000d6300000,0x00000000d6680000)
 ParOldGen       total 135680K, used 135314K [0x0000000080000000, 0x0000000088480000, 0x00000000d5580000)
  object space 135680K, 99% used [0x0000000080000000,0x0000000088424b98,0x0000000088480000)
 Metaspace       used 57648K, committed 59072K, reserved 1114112K
  class space    used 6193K, committed 6784K, reserved 1048576K
}
Event: 35.702 GC heap before
{Heap before GC invocations=88 (full 2):
 PSYoungGen      total 11264K, used 11099K [0x00000000d5580000, 0x00000000d6680000, 0x0000000100000000)
  eden space 9728K, 99% used [0x00000000d5580000,0x00000000d5efefc8,0x00000000d5f00000)
  from space 1536K, 89% used [0x00000000d5f00000,0x00000000d6058000,0x00000000d6080000)
  to   space 3584K, 0% used [0x00000000d6300000,0x00000000d6300000,0x00000000d6680000)
 ParOldGen       total 135680K, used 135314K [0x0000000080000000, 0x0000000088480000, 0x00000000d5580000)
  object space 135680K, 99% used [0x0000000080000000,0x0000000088424b98,0x0000000088480000)
 Metaspace       used 57771K, committed 59200K, reserved 1114112K
  class space    used 6203K, committed 6784K, reserved 1048576K
}
Event: 35.704 GC heap after
{Heap after GC invocations=88 (full 2):
 PSYoungGen      total 11776K, used 1919K [0x00000000d5580000, 0x00000000d6500000, 0x0000000100000000)
  eden space 9728K, 0% used [0x00000000d5580000,0x00000000d5580000,0x00000000d5f00000)
  from space 2048K, 93% used [0x00000000d6300000,0x00000000d64dfe48,0x00000000d6500000)
  to   space 2560K, 0% used [0x00000000d6000000,0x00000000d6000000,0x00000000d6280000)
 ParOldGen       total 136704K, used 136522K [0x0000000080000000, 0x0000000088580000, 0x00000000d5580000)
  object space 136704K, 99% used [0x0000000080000000,0x0000000088552b98,0x0000000088580000)
 Metaspace       used 57771K, committed 59200K, reserved 1114112K
  class space    used 6203K, committed 6784K, reserved 1048576K
}
Event: 35.749 GC heap before
{Heap before GC invocations=89 (full 2):
 PSYoungGen      total 11776K, used 11647K [0x00000000d5580000, 0x00000000d6500000, 0x0000000100000000)
  eden space 9728K, 100% used [0x00000000d5580000,0x00000000d5f00000,0x00000000d5f00000)
  from space 2048K, 93% used [0x00000000d6300000,0x00000000d64dfe48,0x00000000d6500000)
  to   space 2560K, 0% used [0x00000000d6000000,0x00000000d6000000,0x00000000d6280000)
 ParOldGen       total 136704K, used 136522K [0x0000000080000000, 0x0000000088580000, 0x00000000d5580000)
  object space 136704K, 99% used [0x0000000080000000,0x0000000088552b98,0x0000000088580000)
 Metaspace       used 57875K, committed 59264K, reserved 1114112K
  class space    used 6206K, committed 6784K, reserved 1048576K
}
Event: 35.758 GC heap after
{Heap after GC invocations=89 (full 2):
 PSYoungGen      total 12288K, used 2560K [0x00000000d5580000, 0x00000000d7200000, 0x0000000100000000)
  eden space 9728K, 0% used [0x00000000d5580000,0x00000000d5580000,0x00000000d5f00000)
  from space 2560K, 100% used [0x00000000d6000000,0x00000000d6280000,0x00000000d6280000)
  to   space 9728K, 0% used [0x00000000d6880000,0x00000000d6880000,0x00000000d7200000)
 ParOldGen       total 142848K, used 142514K [0x0000000080000000, 0x0000000088b80000, 0x00000000d5580000)
  object space 142848K, 99% used [0x0000000080000000,0x0000000088b2cb98,0x0000000088b80000)
 Metaspace       used 57875K, committed 59264K, reserved 1114112K
  class space    used 6206K, committed 6784K, reserved 1048576K
}
Event: 35.801 GC heap before
{Heap before GC invocations=90 (full 2):
 PSYoungGen      total 12288K, used 12288K [0x00000000d5580000, 0x00000000d7200000, 0x0000000100000000)
  eden space 9728K, 100% used [0x00000000d5580000,0x00000000d5f00000,0x00000000d5f00000)
  from space 2560K, 100% used [0x00000000d6000000,0x00000000d6280000,0x00000000d6280000)
  to   space 9728K, 0% used [0x00000000d6880000,0x00000000d6880000,0x00000000d7200000)
 ParOldGen       total 142848K, used 142514K [0x0000000080000000, 0x0000000088b80000, 0x00000000d5580000)
  object space 142848K, 99% used [0x0000000080000000,0x0000000088b2cb98,0x0000000088b80000)
 Metaspace       used 57895K, committed 59328K, reserved 1114112K
  class space    used 6211K, committed 6784K, reserved 1048576K
}
Event: 35.811 GC heap after
{Heap after GC invocations=90 (full 2):
 PSYoungGen      total 16896K, used 7104K [0x00000000d5580000, 0x00000000d6f80000, 0x0000000100000000)
  eden space 9728K, 0% used [0x00000000d5580000,0x00000000d5580000,0x00000000d5f00000)
  from space 7168K, 99% used [0x00000000d6880000,0x00000000d6f70000,0x00000000d6f80000)
  to   space 7680K, 0% used [0x00000000d6080000,0x00000000d6080000,0x00000000d6800000)
 ParOldGen       total 145408K, used 145066K [0x0000000080000000, 0x0000000088e00000, 0x00000000d5580000)
  object space 145408K, 99% used [0x0000000080000000,0x0000000088daab98,0x0000000088e00000)
 Metaspace       used 57895K, committed 59328K, reserved 1114112K
  class space    used 6211K, committed 6784K, reserved 1048576K
}

