# JRE version: OpenJDK Runtime Environment Temurin-21.0.8+9 (21.0.8+9) (build 21.0.8+9-LTS)
# Java VM: OpenJDK 64-Bit Server VM Temurin-21.0.8+9 (21.0.8+9-LTS, mixed mode, sharing, tiered, compressed oops, compressed class ptrs, parallel gc, windows-amd64)
GC Precious Log:
 CardTable entry size: 512
 CPUs: 4 total, 4 available
 Memory: 3838M
 Large Page Support: Disabled
 NUMA Support: Disabled
 Compressed Oops: Enabled (32-bit)
 Alignments: Space 512K, Generation 512K, Heap 2M
 Heap Min Capacity: 100M
 Heap Initial Capacity: 100M
 Heap Max Capacity: 2G
 Pre-touch: Disabled
 Parallel Workers: 4
Heap:
 PSYoungGen      total 2048K, used 1499K [0x00000000d5580000, 0x00000000d5c80000, 0x0000000100000000)
  eden space 1536K, 78% used [0x00000000d5580000,0x00000000d56aeee0,0x00000000d5700000)
  from space 512K, 56% used [0x00000000d5c00000,0x00000000d5c48000,0x00000000d5c80000)
  to   space 512K, 0% used [0x00000000d5b80000,0x00000000d5b80000,0x00000000d5c00000)
 ParOldGen       total 143872K, used 132666K [0x0000000080000000, 0x0000000088c80000, 0x00000000d5580000)
  object space 143872K, 92% used [0x0000000080000000,0x000000008818eab8,0x0000000088c80000)
 Metaspace       used 65625K, committed 67072K, reserved 1114112K
  class space    used 6852K, committed 7488K, reserved 1048576K
GC Heap History (20 events):
Event: 217.029 GC heap before
{Heap before GC invocations=144 (full 3):
 PSYoungGen      total 7680K, used 7648K [0x00000000d5580000, 0x00000000d6400000, 0x0000000100000000)
  eden space 6144K, 100% used [0x00000000d5580000,0x00000000d5b80000,0x00000000d5b80000)
  from space 1536K, 97% used [0x00000000d6280000,0x00000000d63f8148,0x00000000d6400000)
  to   space 3072K, 0% used [0x00000000d5e00000,0x00000000d5e00000,0x00000000d6100000)
 ParOldGen       total 143872K, used 116182K [0x0000000080000000, 0x0000000088c80000, 0x00000000d5580000)
  object space 143872K, 80% used [0x0000000080000000,0x0000000087175bb8,0x0000000088c80000)
 Metaspace       used 65269K, committed 66752K, reserved 1114112K
  class space    used 6807K, committed 7424K, reserved 1048576K
}
Event: 217.037 GC heap after
{Heap after GC invocations=144 (full 3):
 PSYoungGen      total 8704K, used 2088K [0x00000000d5580000, 0x00000000d6300000, 0x0000000100000000)
  eden space 6144K, 0% used [0x00000000d5580000,0x00000000d5580000,0x00000000d5b80000)
  from space 2560K, 81% used [0x00000000d5e00000,0x00000000d600a1c0,0x00000000d6080000)
  to   space 2560K, 0% used [0x00000000d6080000,0x00000000d6080000,0x00000000d6300000)
 ParOldGen       total 143872K, used 117590K [0x0000000080000000, 0x0000000088c80000, 0x00000000d5580000)
  object space 143872K, 81% used [0x0000000080000000,0x00000000872d5868,0x0000000088c80000)
 Metaspace       used 65269K, committed 66752K, reserved 1114112K
  class space    used 6807K, committed 7424K, reserved 1048576K
}
Event: 217.348 GC heap before
{Heap before GC invocations=145 (full 3):
 PSYoungGen      total 8704K, used 8232K [0x00000000d5580000, 0x00000000d6300000, 0x0000000100000000)
  eden space 6144K, 100% used [0x00000000d5580000,0x00000000d5b80000,0x00000000d5b80000)
  from space 2560K, 81% used [0x00000000d5e00000,0x00000000d600a1c0,0x00000000d6080000)
  to   space 2560K, 0% used [0x00000000d6080000,0x00000000d6080000,0x00000000d6300000)
 ParOldGen       total 143872K, used 117590K [0x0000000080000000, 0x0000000088c80000, 0x00000000d5580000)
  object space 143872K, 81% used [0x0000000080000000,0x00000000872d5868,0x0000000088c80000)
 Metaspace       used 65270K, committed 66752K, reserved 1114112K
  class space    used 6807K, committed 7424K, reserved 1048576K
}
Event: 217.359 GC heap after
{Heap after GC invocations=145 (full 3):
 PSYoungGen      total 8192K, used 1989K [0x00000000d5580000, 0x00000000d6280000, 0x0000000100000000)
  eden space 6144K, 0% used [0x00000000d5580000,0x00000000d5580000,0x00000000d5b80000)
  from space 2048K, 97% used [0x00000000d6080000,0x00000000d62715a8,0x00000000d6280000)
  to   space 2048K, 0% used [0x00000000d5e80000,0x00000000d5e80000,0x00000000d6080000)
 ParOldGen       total 143872K, used 119608K [0x0000000080000000, 0x0000000088c80000, 0x00000000d5580000)
  object space 143872K, 83% used [0x0000000080000000,0x00000000874ce1b8,0x0000000088c80000)
 Metaspace       used 65270K, committed 66752K, reserved 1114112K
  class space    used 6807K, committed 7424K, reserved 1048576K
}
Event: 218.378 GC heap before
{Heap before GC invocations=146 (full 3):
 PSYoungGen      total 8192K, used 8133K [0x00000000d5580000, 0x00000000d6280000, 0x0000000100000000)
  eden space 6144K, 100% used [0x00000000d5580000,0x00000000d5b80000,0x00000000d5b80000)
  from space 2048K, 97% used [0x00000000d6080000,0x00000000d62715a8,0x00000000d6280000)
  to   space 2048K, 0% used [0x00000000d5e80000,0x00000000d5e80000,0x00000000d6080000)
 ParOldGen       total 143872K, used 119608K [0x0000000080000000, 0x0000000088c80000, 0x00000000d5580000)
  object space 143872K, 83% used [0x0000000080000000,0x00000000874ce1b8,0x0000000088c80000)
 Metaspace       used 65417K, committed 66880K, reserved 1114112K
  class space    used 6840K, committed 7488K, reserved 1048576K
}
Event: 218.392 GC heap after
{Heap after GC invocations=146 (full 3):
 PSYoungGen      total 8192K, used 1820K [0x00000000d5580000, 0x00000000d6100000, 0x0000000100000000)
  eden space 6144K, 0% used [0x00000000d5580000,0x00000000d5580000,0x00000000d5b80000)
  from space 2048K, 88% used [0x00000000d5e80000,0x00000000d6047180,0x00000000d6080000)
  to   space 512K, 0% used [0x00000000d6080000,0x00000000d6080000,0x00000000d6100000)
 ParOldGen       total 143872K, used 121501K [0x0000000080000000, 0x0000000088c80000, 0x00000000d5580000)
  object space 143872K, 84% used [0x0000000080000000,0x00000000876a75f8,0x0000000088c80000)
 Metaspace       used 65417K, committed 66880K, reserved 1114112K
  class space    used 6840K, committed 7488K, reserved 1048576K
}
Event: 218.810 GC heap before
{Heap before GC invocations=147 (full 3):
 PSYoungGen      total 8192K, used 7964K [0x00000000d5580000, 0x00000000d6100000, 0x0000000100000000)
  eden space 6144K, 100% used [0x00000000d5580000,0x00000000d5b80000,0x00000000d5b80000)
  from space 2048K, 88% used [0x00000000d5e80000,0x00000000d6047180,0x00000000d6080000)
  to   space 512K, 0% used [0x00000000d6080000,0x00000000d6080000,0x00000000d6100000)
 ParOldGen       total 143872K, used 121501K [0x0000000080000000, 0x0000000088c80000, 0x00000000d5580000)
  object space 143872K, 84% used [0x0000000080000000,0x00000000876a75f8,0x0000000088c80000)
 Metaspace       used 65423K, committed 66880K, reserved 1114112K
  class space    used 6840K, committed 7488K, reserved 1048576K
}
Event: 218.829 GC heap after
{Heap after GC invocations=147 (full 3):
 PSYoungGen      total 6656K, used 480K [0x00000000d5580000, 0x00000000d6380000, 0x0000000100000000)
  eden space 6144K, 0% used [0x00000000d5580000,0x00000000d5580000,0x00000000d5b80000)
  from space 512K, 93% used [0x00000000d6080000,0x00000000d60f8010,0x00000000d6100000)
  to   space 4096K, 0% used [0x00000000d5b80000,0x00000000d5b80000,0x00000000d5f80000)
 ParOldGen       total 143872K, used 124377K [0x0000000080000000, 0x0000000088c80000, 0x00000000d5580000)
  object space 143872K, 86% used [0x0000000080000000,0x0000000087976708,0x0000000088c80000)
 Metaspace       used 65423K, committed 66880K, reserved 1114112K
  class space    used 6840K, committed 7488K, reserved 1048576K
}
Event: 219.419 GC heap before
{Heap before GC invocations=148 (full 3):
 PSYoungGen      total 6656K, used 5888K [0x00000000d5580000, 0x00000000d6380000, 0x0000000100000000)
  eden space 6144K, 88% used [0x00000000d5580000,0x00000000d5ac8390,0x00000000d5b80000)
  from space 512K, 93% used [0x00000000d6080000,0x00000000d60f8010,0x00000000d6100000)
  to   space 4096K, 0% used [0x00000000d5b80000,0x00000000d5b80000,0x00000000d5f80000)
 ParOldGen       total 143872K, used 124377K [0x0000000080000000, 0x0000000088c80000, 0x00000000d5580000)
  object space 143872K, 86% used [0x0000000080000000,0x0000000087976708,0x0000000088c80000)
 Metaspace       used 65513K, committed 66944K, reserved 1114112K
  class space    used 6846K, committed 7488K, reserved 1048576K
}
Event: 219.432 GC heap after
{Heap after GC invocations=148 (full 3):
 PSYoungGen      total 8192K, used 1750K [0x00000000d5580000, 0x00000000d6100000, 0x0000000100000000)
  eden space 6144K, 0% used [0x00000000d5580000,0x00000000d5580000,0x00000000d5b80000)
  from space 2048K, 85% used [0x00000000d5b80000,0x00000000d5d358b0,0x00000000d5d80000)
  to   space 2560K, 0% used [0x00000000d5e80000,0x00000000d5e80000,0x00000000d6100000)
 ParOldGen       total 143872K, used 124878K [0x0000000080000000, 0x0000000088c80000, 0x00000000d5580000)
  object space 143872K, 86% used [0x0000000080000000,0x00000000879f3ab0,0x0000000088c80000)
 Metaspace       used 65513K, committed 66944K, reserved 1114112K
  class space    used 6846K, committed 7488K, reserved 1048576K
}
Event: 219.696 GC heap before
{Heap before GC invocations=149 (full 3):
 PSYoungGen      total 8192K, used 7894K [0x00000000d5580000, 0x00000000d6100000, 0x0000000100000000)
  eden space 6144K, 100% used [0x00000000d5580000,0x00000000d5b80000,0x00000000d5b80000)
  from space 2048K, 85% used [0x00000000d5b80000,0x00000000d5d358b0,0x00000000d5d80000)
  to   space 2560K, 0% used [0x00000000d5e80000,0x00000000d5e80000,0x00000000d6100000)
 ParOldGen       total 143872K, used 124878K [0x0000000080000000, 0x0000000088c80000, 0x00000000d5580000)
  object space 143872K, 86% used [0x0000000080000000,0x00000000879f3ab0,0x0000000088c80000)
 Metaspace       used 65522K, committed 66944K, reserved 1114112K
  class space    used 6846K, committed 7488K, reserved 1048576K
}
Event: 219.716 GC heap after
{Heap after GC invocations=149 (full 3):
 PSYoungGen      total 4096K, used 2559K [0x00000000d5580000, 0x00000000d6a80000, 0x0000000100000000)
  eden space 1536K, 0% used [0x00000000d5580000,0x00000000d5580000,0x00000000d5700000)
  from space 2560K, 99% used [0x00000000d5e80000,0x00000000d60ffed8,0x00000000d6100000)
  to   space 7680K, 0% used [0x00000000d5700000,0x00000000d5700000,0x00000000d5e80000)
 ParOldGen       total 143872K, used 129070K [0x0000000080000000, 0x0000000088c80000, 0x00000000d5580000)
  object space 143872K, 89% used [0x0000000080000000,0x0000000087e0bb20,0x0000000088c80000)
 Metaspace       used 65522K, committed 66944K, reserved 1114112K
  class space    used 6846K, committed 7488K, reserved 1048576K
}
Event: 219.962 GC heap before
{Heap before GC invocations=150 (full 3):
 PSYoungGen      total 4096K, used 4095K [0x00000000d5580000, 0x00000000d6a80000, 0x0000000100000000)
  eden space 1536K, 100% used [0x00000000d5580000,0x00000000d5700000,0x00000000d5700000)
  from space 2560K, 99% used [0x00000000d5e80000,0x00000000d60ffed8,0x00000000d6100000)
  to   space 7680K, 0% used [0x00000000d5700000,0x00000000d5700000,0x00000000d5e80000)
 ParOldGen       total 143872K, used 129070K [0x0000000080000000, 0x0000000088c80000, 0x00000000d5580000)
  object space 143872K, 89% used [0x0000000080000000,0x0000000087e0bb20,0x0000000088c80000)
 Metaspace       used 65548K, committed 67008K, reserved 1114112K
  class space    used 6850K, committed 7488K, reserved 1048576K
}
Event: 219.976 GC heap after
{Heap after GC invocations=150 (full 3):
 PSYoungGen      total 2560K, used 544K [0x00000000d5580000, 0x00000000d5f00000, 0x0000000100000000)
  eden space 1536K, 0% used [0x00000000d5580000,0x00000000d5580000,0x00000000d5700000)
  from space 1024K, 53% used [0x00000000d5700000,0x00000000d5788000,0x00000000d5800000)
  to   space 3072K, 0% used [0x00000000d5c00000,0x00000000d5c00000,0x00000000d5f00000)
 ParOldGen       total 143872K, used 131609K [0x0000000080000000, 0x0000000088c80000, 0x00000000d5580000)
  object space 143872K, 91% used [0x0000000080000000,0x00000000880867c8,0x0000000088c80000)
 Metaspace       used 65548K, committed 67008K, reserved 1114112K
  class space    used 6850K, committed 7488K, reserved 1048576K
}
Event: 596.252 GC heap before
{Heap before GC invocations=151 (full 3):
 PSYoungGen      total 2560K, used 2079K [0x00000000d5580000, 0x00000000d5f00000, 0x0000000100000000)
  eden space 1536K, 99% used [0x00000000d5580000,0x00000000d56ffff0,0x00000000d5700000)
  from space 1024K, 53% used [0x00000000d5700000,0x00000000d5788000,0x00000000d5800000)
  to   space 3072K, 0% used [0x00000000d5c00000,0x00000000d5c00000,0x00000000d5f00000)
 ParOldGen       total 143872K, used 131609K [0x0000000080000000, 0x0000000088c80000, 0x00000000d5580000)
  object space 143872K, 91% used [0x0000000080000000,0x00000000880867c8,0x0000000088c80000)
 Metaspace       used 65579K, committed 67072K, reserved 1114112K
  class space    used 6852K, committed 7488K, reserved 1048576K
}
Event: 596.487 GC heap after
{Heap after GC invocations=151 (full 3):
 PSYoungGen      total 2048K, used 352K [0x00000000d5580000, 0x00000000d5c80000, 0x0000000100000000)
  eden space 1536K, 0% used [0x00000000d5580000,0x00000000d5580000,0x00000000d5700000)
  from space 512K, 68% used [0x00000000d5c00000,0x00000000d5c58040,0x00000000d5c80000)
  to   space 1024K, 0% used [0x00000000d5a80000,0x00000000d5a80000,0x00000000d5b80000)
 ParOldGen       total 143872K, used 132105K [0x0000000080000000, 0x0000000088c80000, 0x00000000d5580000)
  object space 143872K, 91% used [0x0000000080000000,0x00000000881027c8,0x0000000088c80000)
 Metaspace       used 65579K, committed 67072K, reserved 1114112K
  class space    used 6852K, committed 7488K, reserved 1048576K
}
Event: 597.254 GC heap before
{Heap before GC invocations=152 (full 3):
 PSYoungGen      total 2048K, used 1888K [0x00000000d5580000, 0x00000000d5c80000, 0x0000000100000000)
  eden space 1536K, 100% used [0x00000000d5580000,0x00000000d5700000,0x00000000d5700000)
  from space 512K, 68% used [0x00000000d5c00000,0x00000000d5c58040,0x00000000d5c80000)
  to   space 1024K, 0% used [0x00000000d5a80000,0x00000000d5a80000,0x00000000d5b80000)
 ParOldGen       total 143872K, used 132105K [0x0000000080000000, 0x0000000088c80000, 0x00000000d5580000)
  object space 143872K, 91% used [0x0000000080000000,0x00000000881027c8,0x0000000088c80000)
 Metaspace       used 65581K, committed 67072K, reserved 1114112K
  class space    used 6852K, committed 7488K, reserved 1048576K
}
Event: 597.265 GC heap after
{Heap after GC invocations=152 (full 3):
 PSYoungGen      total 2560K, used 378K [0x00000000d5580000, 0x00000000d5c80000, 0x0000000100000000)
  eden space 1536K, 0% used [0x00000000d5580000,0x00000000d5580000,0x00000000d5700000)
  from space 1024K, 36% used [0x00000000d5a80000,0x00000000d5ade900,0x00000000d5b80000)
  to   space 512K, 0% used [0x00000000d5c00000,0x00000000d5c00000,0x00000000d5c80000)
 ParOldGen       total 143872K, used 132350K [0x0000000080000000, 0x0000000088c80000, 0x00000000d5580000)
  object space 143872K, 91% used [0x0000000080000000,0x000000008813f8a8,0x0000000088c80000)
 Metaspace       used 65581K, committed 67072K, reserved 1114112K
  class space    used 6852K, committed 7488K, reserved 1048576K
}
Event: 597.713 GC heap before
{Heap before GC invocations=153 (full 3):
 PSYoungGen      total 2560K, used 1914K [0x00000000d5580000, 0x00000000d5c80000, 0x0000000100000000)
  eden space 1536K, 100% used [0x00000000d5580000,0x00000000d5700000,0x00000000d5700000)
  from space 1024K, 36% used [0x00000000d5a80000,0x00000000d5ade900,0x00000000d5b80000)
  to   space 512K, 0% used [0x00000000d5c00000,0x00000000d5c00000,0x00000000d5c80000)
 ParOldGen       total 143872K, used 132350K [0x0000000080000000, 0x0000000088c80000, 0x00000000d5580000)
  object space 143872K, 91% used [0x0000000080000000,0x000000008813f8a8,0x0000000088c80000)
 Metaspace       used 65596K, committed 67072K, reserved 1114112K
  class space    used 6852K, committed 7488K, reserved 1048576K
}
Event: 597.729 GC heap after
{Heap after GC invocations=153 (full 3):
 PSYoungGen      total 2048K, used 288K [0x00000000d5580000, 0x00000000d5c80000, 0x0000000100000000)
  eden space 1536K, 0% used [0x00000000d5580000,0x00000000d5580000,0x00000000d5700000)
  from space 512K, 56% used [0x00000000d5c00000,0x00000000d5c48000,0x00000000d5c80000)
  to   space 512K, 0% used [0x00000000d5b80000,0x00000000d5b80000,0x00000000d5c00000)
 ParOldGen       total 143872K, used 132666K [0x0000000080000000, 0x0000000088c80000, 0x00000000d5580000)
  object space 143872K, 92% used [0x0000000080000000,0x000000008818eab8,0x0000000088c80000)
 Metaspace       used 65596K, committed 67072K, reserved 1114112K
  class space    used 6852K, committed 7488K, reserved 1048576K
}

